2025-06-24 12:04:41,857 - __main__ - INFO - Запуск Telegram-бота 'Горячая линия обращений студентов'
2025-06-24 12:04:41,857 - __main__ - INFO - Бот настроен для оператора ID: 857536994
2025-06-24 12:04:41,857 - __main__ - INFO - Корпоративная почта: appeals@college.edu
2025-06-24 12:05:02,567 - __main__ - INFO - Пользователь 857536994 запустил бота
2025-06-24 12:05:20,447 - __main__ - INFO - Пользователь 857536994 начал создание обращения
2025-06-24 12:07:55,545 - __main__ - INFO - Обращение отправлено оператору: Тест 1 - первый запуск
2025-06-24 12:07:57,625 - __main__ - ERROR - Ошибка отправки email: (535, b'5.7.8 Username and Password not accepted. For more information, go to\n5.7.8  https://support.google.com/mail/?p=BadCredentials 2adb3069b0e04-553e41bc2e3sm1748186e87.131 - gsmtp')
2025-06-24 12:07:57,625 - __main__ - WARNING - Частичная отправка обращения: Тест 1 - первый запуск
2025-06-24 12:10:11,106 - __main__ - INFO - Запуск Telegram-бота 'Горячая линия обращений студентов'
2025-06-24 12:10:11,107 - __main__ - INFO - Бот настроен для оператора ID: 857536994
2025-06-24 12:10:11,107 - __main__ - INFO - Корпоративная почта: appeals@college.edu
2025-06-24 12:10:23,010 - __main__ - INFO - Пользователь 857536994 начал создание обращения
2025-06-24 14:25:35,244 - __main__ - INFO - Пользователь 857536994 начал создание обращения
2025-06-24 14:26:24,149 - __main__ - INFO - Обращение отправлено оператору: qwerty
2025-06-24 14:26:24,453 - __main__ - ERROR - Ошибка отправки email: (535, b'5.7.8 Username and Password not accepted. For more information, go to\n5.7.8  https://support.google.com/mail/?p=BadCredentials 2adb3069b0e04-553e41cc3c8sm1791058e87.226 - gsmtp')
2025-06-24 14:26:24,454 - __main__ - WARNING - Частичная отправка обращения: qwerty
2025-06-24 14:27:08,517 - __main__ - INFO - Пользователь 857536994 начал создание обращения
2025-06-24 14:28:46,331 - __main__ - INFO - Запуск Telegram-бота 'Горячая линия обращений студентов'
2025-06-24 14:28:46,331 - __main__ - INFO - Бот настроен для оператора ID: 857536994
2025-06-24 14:28:46,331 - __main__ - INFO - Корпоративная почта: appeals@college.edu
2025-06-24 14:28:58,923 - __main__ - INFO - Пользователь 857536994 начал создание обращения
2025-06-24 14:29:34,261 - __main__ - INFO - Обращение отправлено оператору: йцукенг
2025-06-24 14:29:34,566 - __main__ - ERROR - Ошибка отправки email: (535, b'5.7.8 Username and Password not accepted. For more information, go to\n5.7.8  https://support.google.com/mail/?p=BadCredentials 2adb3069b0e04-554f7e409c4sm199835e87.101 - gsmtp')
2025-06-24 14:29:34,566 - __main__ - WARNING - Частичная отправка обращения: йцукенг
2025-06-24 14:31:04,453 - __main__ - INFO - Пользователь 7083982778 запустил бота
2025-06-24 14:31:23,905 - __main__ - INFO - Пользователь 857536994 начал создание обращения
2025-06-24 14:32:00,270 - __main__ - INFO - Обращение отправлено оператору: ojn
2025-06-24 14:32:00,668 - __main__ - ERROR - Ошибка отправки email: (535, b'5.7.8 Username and Password not accepted. For more information, go to\n5.7.8  https://support.google.com/mail/?p=BadCredentials 2adb3069b0e04-553e414cee0sm1790772e87.88 - gsmtp')
2025-06-24 14:32:00,669 - __main__ - WARNING - Частичная отправка обращения: ojn
2025-06-24 14:32:19,600 - __main__ - INFO - Запуск Telegram-бота 'Горячая линия обращений студентов'
2025-06-24 14:32:19,600 - __main__ - INFO - Бот настроен для оператора ID: 857536994
2025-06-24 14:32:19,600 - __main__ - INFO - Корпоративная почта: appeals@college.edu
2025-06-24 14:32:22,594 - __main__ - INFO - Пользователь 857536994 начал создание обращения
2025-06-24 14:32:50,088 - __main__ - INFO - Обращение отправлено оператору: werfgh
2025-06-24 14:32:50,352 - __main__ - ERROR - Ошибка отправки email: (535, b'5.7.8 Username and Password not accepted. For more information, go to\n5.7.8  https://support.google.com/mail/?p=BadCredentials 2adb3069b0e04-553e41cc124sm1802677e87.215 - gsmtp')
2025-06-24 14:32:50,352 - __main__ - WARNING - Частичная отправка обращения: werfgh
2025-06-24 14:34:02,114 - __main__ - INFO - Пользователь 7083982778 начал создание обращения
2025-06-24 15:28:18,090 - __main__ - INFO - Запуск Telegram-бота 'Горячая линия обращений студентов'
2025-06-24 15:28:18,090 - __main__ - INFO - Бот настроен для оператора ID: 857536994
2025-06-24 15:28:18,090 - __main__ - INFO - Корпоративная почта: appeals@college.edu
2025-06-24 15:29:39,207 - __main__ - INFO - Запуск Telegram-бота 'Горячая линия обращений студентов'
2025-06-24 15:29:39,207 - __main__ - INFO - Бот настроен для оператора ID: 7083982778
2025-06-24 15:29:39,208 - __main__ - INFO - Корпоративная почта: appeals@college.edu
2025-06-24 15:29:54,356 - __main__ - INFO - Пользователь 857536994 начал создание обращения
2025-06-24 15:33:08,528 - __main__ - INFO - Запуск Telegram-бота 'Горячая линия обращений студентов'
2025-06-24 15:33:08,528 - __main__ - INFO - Бот настроен для оператора ID: 7083982778
2025-06-24 15:33:08,528 - __main__ - INFO - Корпоративная почта: appeals@college.edu
2025-06-24 15:33:13,665 - __main__ - INFO - Пользователь 857536994 начал создание обращения
2025-06-24 15:46:09,901 - __main__ - INFO - Запуск Telegram-бота 'Горячая линия обращений студентов'
2025-06-24 15:46:09,901 - __main__ - INFO - Бот настроен для оператора ID: 7083982778
2025-06-24 15:46:09,901 - __main__ - INFO - Корпоративная почта: appeals@college.edu
2025-06-24 15:46:14,992 - __main__ - INFO - Пользователь 857536994 начал создание обращения
2025-06-24 15:47:49,753 - __main__ - INFO - Обращение отправлено оператору: rwtyju
2025-06-24 15:47:50,075 - __main__ - ERROR - Ошибка отправки email: (535, b'5.7.8 Username and Password not accepted. For more information, go to\n5.7.8  https://support.google.com/mail/?p=BadCredentials 38308e7fff4ca-32b97f79ab1sm16480331fa.31 - gsmtp')
2025-06-24 15:47:50,075 - __main__ - WARNING - Частичная отправка обращения: rwtyju
2025-06-24 15:49:20,039 - __main__ - INFO - Пользователь 857536994 начал создание обращения
2025-06-24 15:51:03,327 - __main__ - INFO - Обращение отправлено оператору: qewartyu
2025-06-24 15:51:03,569 - __main__ - ERROR - Ошибка отправки email: (535, b'5.7.8 Username and Password not accepted. For more information, go to\n5.7.8  https://support.google.com/mail/?p=BadCredentials 2adb3069b0e04-553e41cc119sm1835101e87.209 - gsmtp')
2025-06-24 15:51:03,570 - __main__ - WARNING - Частичная отправка обращения: qewartyu
2025-06-24 15:51:11,514 - __main__ - INFO - Пользователь 857536994 начал создание обращения
2025-06-24 15:51:21,431 - __main__ - INFO - Запуск Telegram-бота 'Горячая линия обращений студентов'
2025-06-24 15:51:21,432 - __main__ - INFO - Бот настроен для оператора ID: 7083982778
2025-06-24 15:51:21,432 - __main__ - INFO - Корпоративная почта: appeals@college.edu
2025-06-24 15:51:53,611 - __main__ - INFO - Пользователь 857536994 начал создание обращения
2025-06-24 15:52:50,855 - __main__ - INFO - Обращение отправлено оператору: ertyujkiol
2025-06-24 15:52:52,320 - __main__ - ERROR - Ошибка отправки email: (535, b'5.7.8 Username and Password not accepted. For more information, go to\n5.7.8  https://support.google.com/mail/?p=BadCredentials 38308e7fff4ca-32b980e07a1sm16616581fa.104 - gsmtp')
2025-06-24 15:52:52,321 - __main__ - WARNING - Частичная отправка обращения: ertyujkiol
2025-06-24 17:05:51,054 - __main__ - INFO - Запуск Telegram-бота 'Горячая линия обращений студентов'
2025-06-24 17:05:51,054 - __main__ - INFO - Бот настроен для оператора ID: 7083982778
2025-06-24 17:05:51,054 - __main__ - INFO - Корпоративная почта: appeals@college.edu
2025-06-24 17:06:06,683 - __main__ - INFO - Пользователь 857536994 начал создание обращения
2025-06-24 17:07:58,479 - __main__ - INFO - Запуск Telegram-бота 'Горячая линия обращений студентов'
2025-06-24 17:07:58,480 - __main__ - INFO - Бот настроен для оператора ID: 7083982778
2025-06-24 17:07:58,480 - __main__ - INFO - Корпоративная почта: appeals@college.edu
2025-06-24 17:08:01,828 - __main__ - INFO - Пользователь 857536994 начал создание обращения
2025-06-24 17:14:25,283 - __main__ - INFO - Запуск Telegram-бота 'Горячая линия обращений студентов'
2025-06-24 17:14:25,284 - __main__ - INFO - Бот настроен для оператора ID: 7083982778
2025-06-24 17:14:25,284 - __main__ - INFO - Корпоративная почта: appeals@college.edu
2025-06-24 17:16:43,369 - __main__ - INFO - Пользователь 857536994 начал создание обращения
2025-06-25 11:17:19,275 - __main__ - INFO - Запуск Telegram-бота 'Горячая линия обращений студентов'
2025-06-25 11:17:19,275 - __main__ - INFO - Бот настроен для оператора ID: 7083982778
2025-06-25 11:17:19,275 - __main__ - INFO - Корпоративная почта: appeals@college.edu
2025-06-25 11:17:48,626 - __main__ - INFO - Пользователь 857536994 начал создание обращения
2025-06-25 11:20:56,013 - __main__ - INFO - Запуск Telegram-бота 'Горячая линия обращений студентов'
2025-06-25 11:20:56,013 - __main__ - INFO - Бот настроен для оператора ID: 7083982778
2025-06-25 11:20:56,013 - __main__ - INFO - Корпоративная почта: appeals@college.edu
2025-06-25 11:21:01,097 - __main__ - INFO - Пользователь 857536994 начал создание обращения
2025-06-25 11:21:39,963 - __main__ - INFO - Запуск Telegram-бота 'Горячая линия обращений студентов'
2025-06-25 11:21:39,963 - __main__ - INFO - Бот настроен для оператора ID: 7083982778
2025-06-25 11:21:39,963 - __main__ - INFO - Корпоративная почта: appeals@college.edu
2025-06-25 11:22:04,628 - __main__ - INFO - Пользователь 857536994 начал создание обращения
2025-06-25 11:31:03,683 - __main__ - INFO - Запуск Telegram-бота 'Горячая линия обращений студентов'
2025-06-25 11:31:03,683 - __main__ - INFO - Бот настроен для оператора ID: 7083982778
2025-06-25 11:31:03,683 - __main__ - INFO - Корпоративная почта: appeals@college.edu
2025-06-25 11:31:11,906 - __main__ - INFO - Пользователь 857536994 начал создание обращения
2025-06-25 15:19:28,484 - __main__ - INFO - Запуск Telegram-бота 'Горячая линия обращений студентов'
2025-06-25 15:19:28,485 - __main__ - INFO - Бот настроен для оператора ID: 7083982778
2025-06-25 15:19:28,485 - __main__ - INFO - Корпоративная почта: appeals@college.edu
2025-06-25 15:22:12,119 - __main__ - INFO - Пользователь 857536994 начал создание обращения
2025-06-25 15:22:45,146 - __main__ - INFO - Обращение отправлено оператору: e
2025-06-25 15:22:45,477 - __main__ - ERROR - Ошибка отправки email: (535, b'5.7.8 Username and Password not accepted. For more information, go to\n5.7.8  https://support.google.com/mail/?p=BadCredentials 2adb3069b0e04-553e41c3034sm2176458e87.146 - gsmtp')
2025-06-25 15:22:45,477 - __main__ - WARNING - Частичная отправка обращения: e
2025-06-25 15:23:51,142 - __main__ - INFO - Запуск Telegram-бота 'Горячая линия обращений студентов'
2025-06-25 15:23:51,142 - __main__ - INFO - Бот настроен для оператора ID: 7083982778
2025-06-25 15:23:51,142 - __main__ - INFO - Корпоративная почта: appeals@college.edu
2025-06-25 15:23:52,286 - __main__ - INFO - Пользователь 857536994 начал создание обращения
2025-06-25 15:24:47,519 - __main__ - INFO - Обращение отправлено оператору: e
2025-06-25 15:24:48,427 - __main__ - ERROR - Ошибка отправки email: (535, b'5.7.8 Username and Password not accepted. For more information, go to\n5.7.8  https://support.google.com/mail/?p=BadCredentials 2adb3069b0e04-553e41441a9sm2185174e87.48 - gsmtp')
2025-06-25 15:24:48,427 - __main__ - WARNING - Частичная отправка обращения: e
2025-06-25 15:26:33,865 - __main__ - INFO - Запуск Telegram-бота 'Горячая линия обращений студентов'
2025-06-25 15:26:33,865 - __main__ - INFO - Бот настроен для оператора ID: 7083982778
2025-06-25 15:26:33,865 - __main__ - INFO - Корпоративная почта: ishutinyi@kmb-4.ru
2025-06-25 15:26:36,645 - __main__ - INFO - Пользователь 857536994 начал создание обращения
2025-06-25 15:27:54,150 - __main__ - INFO - Обращение отправлено оператору: e
2025-06-25 15:27:57,871 - __main__ - INFO - Email отправлен для обращения: e
2025-06-25 15:27:57,872 - __main__ - INFO - Обращение успешно отправлено: e от eee
2025-06-25 15:30:38,792 - __main__ - INFO - Пользователь 7083982778 запустил бота
2025-06-25 15:36:34,587 - __main__ - INFO - Запуск Telegram-бота 'Горячая линия обращений студентов'
2025-06-25 15:36:34,587 - __main__ - INFO - Бот настроен для оператора ID: 7083982778
2025-06-25 15:36:34,587 - __main__ - INFO - Корпоративная почта: ishutinyi@kmb-4.ru
2025-06-25 15:37:32,049 - __main__ - INFO - Запуск Telegram-бота 'Горячая линия обращений студентов'
2025-06-25 15:37:32,050 - __main__ - INFO - Бот настроен для оператора ID: 857536994
2025-06-25 15:37:32,050 - __main__ - INFO - Корпоративная почта: ishutinyi@kmb-4.ru
2025-06-25 15:38:06,651 - __main__ - INFO - Запуск Telegram-бота 'Горячая линия обращений студентов'
2025-06-25 15:38:06,651 - __main__ - INFO - Бот настроен для оператора ID: 857536994
2025-06-25 15:38:06,651 - __main__ - INFO - Корпоративная почта: ishutinyi@kmb-4.ru
2025-06-25 15:40:36,891 - __main__ - INFO - Запуск Telegram-бота 'Горячая линия обращений студентов'
2025-06-25 15:40:36,892 - __main__ - INFO - Бот настроен для оператора ID: 857536994
2025-06-25 15:40:36,892 - __main__ - INFO - Корпоративная почта: ishutinyi@kmb-4.ru
2025-06-25 15:45:23,915 - __main__ - INFO - Пользователь 857536994 начал создание обращения
2025-06-25 15:46:14,270 - __main__ - INFO - Обращение отправлено оператору: t
2025-06-25 15:46:18,168 - __main__ - INFO - Email отправлен для обращения: t
2025-06-25 15:46:18,168 - __main__ - INFO - Обращение успешно отправлено: t от qqqq
2025-06-25 15:48:08,524 - __main__ - INFO - Запуск Telegram-бота 'Горячая линия обращений студентов'
2025-06-25 15:48:08,524 - __main__ - INFO - Бот настроен для оператора ID: 857536994
2025-06-25 15:48:08,524 - __main__ - INFO - Корпоративная почта: appeals@college.edu
2025-06-25 15:49:02,031 - __main__ - INFO - Запуск Telegram-бота 'Горячая линия обращений студентов'
2025-06-25 15:49:02,032 - __main__ - INFO - Бот настроен для оператора ID: 857536994
2025-06-25 15:49:02,032 - __main__ - INFO - Корпоративная почта: appeals@college.edu
2025-06-25 16:09:22,021 - __main__ - INFO - Запуск Telegram-бота 'Горячая линия обращений студентов'
2025-06-25 16:09:22,021 - __main__ - INFO - Бот настроен для оператора ID: 857536994
2025-06-25 16:09:22,021 - __main__ - INFO - Корпоративная почта: appeals@college.edu
2025-06-25 16:09:55,172 - __main__ - INFO - Запуск Telegram-бота 'Горячая линия обращений студентов'
2025-06-25 16:09:55,172 - __main__ - INFO - Бот настроен для оператора ID: 857536994
2025-06-25 16:09:55,172 - __main__ - INFO - Корпоративная почта: appeals@college.edu
2025-06-25 16:13:02,175 - __main__ - INFO - Запуск Telegram-бота 'Горячая линия обращений студентов'
2025-06-25 16:13:02,175 - __main__ - INFO - Бот настроен для оператора ID: 7083982778
2025-06-25 16:13:02,176 - __main__ - INFO - Корпоративная почта: ishutinyi@kmb-4.ru
2025-06-25 16:13:20,602 - __main__ - INFO - Запуск Telegram-бота 'Горячая линия обращений студентов'
2025-06-25 16:13:20,602 - __main__ - INFO - Бот настроен для оператора ID: 7083982778
2025-06-25 16:13:20,603 - __main__ - INFO - Корпоративная почта: ishutinyi@kmb-4.ru
2025-06-25 16:13:51,924 - __main__ - INFO - Запуск Telegram-бота 'Горячая линия обращений студентов'
2025-06-25 16:13:51,924 - __main__ - INFO - Бот настроен для оператора ID: 7083982778
2025-06-25 16:13:51,924 - __main__ - INFO - Корпоративная почта: ishutinyi@kmb-4.ru
2025-06-26 09:51:50,940 - __main__ - INFO - Запуск Telegram-бота 'Горячая линия обращений студентов'
2025-06-26 09:51:50,940 - __main__ - INFO - Бот настроен для оператора ID: 7083982778
2025-06-26 09:51:50,940 - __main__ - INFO - Корпоративная почта: ishutinyi@kmb-4.ru
2025-06-26 09:52:10,785 - __main__ - INFO - Запуск Telegram-бота 'Горячая линия обращений студентов'
2025-06-26 09:52:10,785 - __main__ - INFO - Бот настроен для оператора ID: 7083982778
2025-06-26 09:52:10,785 - __main__ - INFO - Корпоративная почта: ishutinyi@kmb-4.ru
2025-06-26 09:54:45,999 - __main__ - INFO - Запуск Telegram-бота 'Горячая линия обращений студентов'
2025-06-26 09:54:46,000 - __main__ - INFO - Бот настроен для оператора ID: 7083982778
2025-06-26 09:54:46,000 - __main__ - INFO - Корпоративная почта: ishutinyi@kmb-4.ru
2025-06-26 10:04:50,377 - __main__ - INFO - Запуск Telegram-бота 'Горячая линия обращений студентов'
2025-06-26 10:04:50,378 - __main__ - INFO - Бот настроен для оператора ID: 7083982778
2025-06-26 10:04:50,378 - __main__ - INFO - Корпоративная почта: ishutinyi@kmb-4.ru
2025-06-26 10:05:05,284 - __main__ - INFO - Пользователь 857536994 запустил бота
2025-06-26 10:05:17,973 - __main__ - INFO - Пользователь 857536994 начал создание обращения
2025-06-26 10:06:01,521 - __main__ - ERROR - Ошибка отправки оператору: Telegram server says - Bad Request: chat not found
2025-06-26 10:06:09,718 - __main__ - INFO - Email отправлен для обращения: q
2025-06-26 10:06:09,719 - __main__ - WARNING - Частичная отправка обращения: q
2025-06-26 10:08:42,835 - __main__ - INFO - Пользователь 7083982778 запустил бота
2025-06-26 11:16:12,102 - __main__ - INFO - Пользователь 857536994 запустил бота
2025-06-26 11:19:02,592 - __main__ - INFO - Пользователь 857536994 запустил бота
2025-06-26 11:19:09,707 - __main__ - INFO - Запуск Telegram-бота 'Горячая линия обращений студентов'
2025-06-26 11:19:09,707 - __main__ - INFO - Бот настроен для оператора ID: 7083982778
2025-06-26 11:19:09,707 - __main__ - INFO - Корпоративная почта: ishutinyi@kmb-4.ru
2025-06-26 11:19:13,938 - __main__ - INFO - Пользователь 857536994 запустил бота
2025-06-26 11:27:26,732 - __main__ - INFO - Запуск Telegram-бота 'Горячая линия обращений студентов'
2025-06-26 11:27:26,733 - __main__ - INFO - Бот настроен для оператора ID: 7083982778
2025-06-26 11:27:26,733 - __main__ - INFO - Корпоративная почта: ishutinyi@kmb-4.ru
2025-06-26 11:27:37,239 - __main__ - INFO - Пользователь 857536994 запустил бота
2025-06-26 11:27:40,618 - __main__ - INFO - Пользователь 857536994 начал создание обращения
2025-06-26 11:36:27,920 - __main__ - INFO - Запуск Telegram-бота 'Горячая линия обращений студентов'
2025-06-26 11:36:27,920 - __main__ - INFO - Бот настроен для оператора ID: 7083982778
2025-06-26 11:36:27,921 - __main__ - INFO - Корпоративная почта: ishutinyi@kmb-4.ru
2025-06-26 11:36:53,420 - __main__ - INFO - Запуск Telegram-бота 'Горячая линия обращений студентов'
2025-06-26 11:36:53,421 - __main__ - INFO - Бот настроен для оператора ID: 7083982778
2025-06-26 11:36:53,421 - __main__ - INFO - Корпоративная почта: ishutinyi@kmb-4.ru
2025-06-26 11:36:58,482 - __main__ - INFO - Пользователь 857536994 начал создание обращения
2025-06-26 11:37:17,832 - __main__ - INFO - Запуск Telegram-бота 'Горячая линия обращений студентов'
2025-06-26 11:37:17,833 - __main__ - INFO - Бот настроен для оператора ID: 7083982778
2025-06-26 11:37:17,833 - __main__ - INFO - Корпоративная почта: ishutinyi@kmb-4.ru
2025-06-26 11:37:21,499 - __main__ - INFO - Пользователь 857536994 начал создание обращения
2025-06-26 13:06:44,429 - __main__ - INFO - Запуск Telegram-бота 'Горячая линия обращений студентов'
2025-06-26 13:06:44,429 - __main__ - INFO - Бот настроен для оператора ID: 7083982778
2025-06-26 13:06:44,429 - __main__ - INFO - Корпоративная почта: ishutinyi@kmb-4.ru
2025-06-26 13:06:52,837 - __main__ - INFO - Пользователь 857536994 начал создание обращения
2025-06-26 14:28:44,576 - __main__ - INFO - Запуск Telegram-бота 'Горячая линия обращений студентов'
2025-06-26 14:28:44,576 - __main__ - INFO - Бот настроен для оператора ID: 7083982778
2025-06-26 14:28:44,576 - __main__ - INFO - Корпоративная почта: ishutinyi@kmb-4.ru
2025-06-26 14:31:04,143 - __main__ - INFO - Пользователь 857536994 начал создание обращения
2025-06-26 14:31:28,274 - __main__ - INFO - Запуск Telegram-бота 'Горячая линия обращений студентов'
2025-06-26 14:31:28,275 - __main__ - INFO - Бот настроен для оператора ID: 7083982778
2025-06-26 14:31:28,275 - __main__ - INFO - Корпоративная почта: ishutinyi@kmb-4.ru
2025-06-26 14:31:35,987 - __main__ - INFO - Пользователь 857536994 начал создание обращения
2025-06-26 14:34:02,075 - __main__ - INFO - Пользователь 857536994 начал создание обращения
2025-06-26 14:35:42,227 - __main__ - INFO - Запуск Telegram-бота 'Горячая линия обращений студентов'
2025-06-26 14:35:42,227 - __main__ - INFO - Бот настроен для оператора ID: 7083982778
2025-06-26 14:35:42,227 - __main__ - INFO - Корпоративная почта: ishutinyi@kmb-4.ru
2025-06-26 14:36:47,849 - __main__ - ERROR - Ошибка отправки оператору: Telegram server says - Bad Request: document can't be mixed with other media types
2025-06-26 14:37:03,307 - __main__ - INFO - Email отправлен для обращения: р
2025-06-26 14:37:03,308 - __main__ - WARNING - Частичная отправка обращения: р
2025-06-26 15:09:30,321 - __main__ - INFO - Запуск Telegram-бота 'Горячая линия обращений студентов'
2025-06-26 15:09:30,321 - __main__ - INFO - Бот настроен для оператора ID: 7083982778
2025-06-26 15:09:30,321 - __main__ - INFO - Корпоративная почта: ishutinyi@kmb-4.ru
2025-06-26 15:09:36,227 - __main__ - INFO - Пользователь 857536994 начал создание обращения
2025-06-26 15:10:18,041 - __main__ - INFO - Обращение отправлено оператору: f
2025-06-26 15:10:24,353 - __main__ - INFO - Email отправлен для обращения: f
2025-06-26 15:10:24,353 - __main__ - INFO - Обращение успешно отправлено: f от dfgh
2025-06-26 15:10:36,941 - __main__ - INFO - Пользователь 857536994 начал создание обращения
2025-06-26 15:12:15,389 - __main__ - INFO - Обращение отправлено оператору: f
2025-06-26 15:12:20,679 - __main__ - INFO - Email отправлен для обращения: f
2025-06-26 15:12:20,679 - __main__ - INFO - Обращение успешно отправлено: f от sdfghj
2025-06-26 15:38:57,695 - __main__ - INFO - Запуск Telegram-бота 'Горячая линия обращений студентов'
2025-06-26 15:38:57,695 - __main__ - INFO - Бот настроен для оператора ID: 7083982778
2025-06-26 15:38:57,695 - __main__ - INFO - Корпоративная почта: ishutinyi@kmb-4.ru
2025-06-26 15:39:16,569 - __main__ - INFO - Пользователь 857536994 начал создание обращения
2025-06-26 15:52:39,666 - __main__ - INFO - Запуск Telegram-бота 'Горячая линия обращений студентов'
2025-06-26 15:52:39,666 - __main__ - INFO - Бот настроен для оператора ID: 7083982778
2025-06-26 15:52:39,666 - __main__ - INFO - Корпоративная почта: ishutinyi@kmb-4.ru
2025-06-26 15:52:44,200 - __main__ - INFO - Пользователь 857536994 начал создание обращения
2025-06-26 15:53:26,070 - __main__ - INFO - Обращение отправлено оператору: 6
2025-06-26 15:53:31,467 - __main__ - INFO - Email отправлен для обращения: 6
2025-06-26 15:53:31,467 - __main__ - INFO - Обращение успешно отправлено: 6 от asdfghj
2025-06-26 15:54:46,169 - __main__ - INFO - Запуск Telegram-бота 'Горячая линия обращений студентов'
2025-06-26 15:54:46,169 - __main__ - INFO - Бот настроен для оператора ID: 7083982778
2025-06-26 15:54:46,170 - __main__ - INFO - Корпоративная почта: ishutinyi@kmb-4.ru
2025-06-26 15:54:48,690 - __main__ - INFO - Пользователь 857536994 начал создание обращения
2025-06-26 15:55:24,548 - __main__ - INFO - Обращение отправлено оператору: f
2025-06-26 15:55:29,969 - __main__ - INFO - Email отправлен для обращения: f
2025-06-26 15:55:29,969 - __main__ - INFO - Обращение успешно отправлено: f от sdfghjkl
2025-06-27 10:40:08,823 - __main__ - INFO - Запуск Telegram-бота 'Горячая линия обращений студентов'
2025-06-27 10:40:08,823 - __main__ - INFO - Бот настроен для оператора ID: 7083982778
2025-06-27 10:40:08,823 - __main__ - INFO - Корпоративная почта: ishutinyi@kmb-4.ru
2025-06-27 10:40:10,173 - __main__ - INFO - Пользователь 857536994 начал создание обращения
2025-06-27 10:53:51,180 - __main__ - INFO - Запуск Telegram-бота 'Горячая линия обращений студентов'
2025-06-27 10:53:51,180 - __main__ - INFO - Бот настроен для оператора ID: 7083982778
2025-06-27 10:53:51,180 - __main__ - INFO - Корпоративная почта: ishutinyi@kmb-4.ru
2025-06-27 10:53:56,364 - __main__ - INFO - Пользователь 857536994 начал создание обращения
2025-06-27 10:55:22,854 - __main__ - INFO - Обращение отправлено оператору: d
2025-06-27 10:55:31,281 - __main__ - INFO - Email отправлен для обращения: d
2025-06-27 10:55:31,281 - __main__ - INFO - Обращение успешно отправлено: d от sdfghj
2025-06-27 11:00:52,284 - __main__ - INFO - Пользователь 857536994 начал создание обращения
2025-06-27 11:03:17,301 - __main__ - INFO - Обращение отправлено оператору: gh
2025-06-27 11:03:24,342 - __main__ - INFO - Email отправлен для обращения: gh
2025-06-27 11:03:24,342 - __main__ - INFO - Обращение успешно отправлено: gh от ывапрнг
2025-06-27 11:13:06,353 - __main__ - INFO - Запуск Telegram-бота 'Горячая линия обращений студентов'
2025-06-27 11:13:06,353 - __main__ - INFO - Бот настроен для оператора ID: 7083982778
2025-06-27 11:13:06,353 - __main__ - INFO - Корпоративная почта: ishutinyi@kmb-4.ru
2025-06-27 11:13:26,561 - __main__ - INFO - Пользователь 857536994 начал создание обращения
2025-06-27 11:14:28,948 - __main__ - INFO - Обращение отправлено оператору: r
2025-06-27 11:14:40,328 - __main__ - INFO - Email отправлен для обращения: r
2025-06-27 11:14:40,328 - __main__ - INFO - Обращение успешно отправлено: r от sdfghjk
2025-06-27 11:28:18,177 - __main__ - INFO - Запуск Telegram-бота 'Горячая линия обращений студентов'
2025-06-27 11:28:18,177 - __main__ - INFO - Бот настроен для оператора ID: 7083982778
2025-06-27 11:28:18,177 - __main__ - INFO - Корпоративная почта: ishutinyi@kmb-4.ru
2025-06-27 11:34:28,719 - __main__ - INFO - Пользователь 857536994 начал создание обращения
2025-06-27 11:37:35,387 - __main__ - INFO - Обращение отправлено оператору: sdfgh
2025-06-27 11:37:50,177 - __main__ - INFO - Email отправлен для обращения: sdfgh
2025-06-27 11:37:50,179 - __main__ - INFO - Обращение успешно отправлено: sdfgh от asdfghjk
2025-06-27 11:41:47,772 - __main__ - INFO - Пользователь 857536994 начал создание обращения
2025-06-27 11:42:43,650 - __main__ - INFO - Обращение отправлено оператору: qwerty
2025-06-27 11:43:05,792 - __main__ - INFO - Email отправлен для обращения: qwerty
2025-06-27 11:43:05,792 - __main__ - INFO - Обращение успешно отправлено: qwerty от qwertyu
2025-06-27 11:44:15,631 - __main__ - INFO - Запуск Telegram-бота 'Горячая линия обращений студентов'
2025-06-27 11:44:15,631 - __main__ - INFO - Бот настроен для оператора ID: 7083982778
2025-06-27 11:44:15,631 - __main__ - INFO - Корпоративная почта: ishutinyi@kmb-4.ru
2025-06-27 11:44:24,660 - __main__ - INFO - Пользователь 857536994 начал создание обращения
2025-06-27 11:46:12,905 - __main__ - INFO - Запуск Telegram-бота 'Горячая линия обращений студентов'
2025-06-27 11:46:12,906 - __main__ - INFO - Бот настроен для оператора ID: 7083982778
2025-06-27 11:46:12,906 - __main__ - INFO - Корпоративная почта: ishutinyi@kmb-4.ru
2025-06-27 11:46:33,475 - __main__ - INFO - Пользователь 857536994 начал создание обращения
2025-06-27 11:47:38,708 - __main__ - INFO - Запуск Telegram-бота 'Горячая линия обращений студентов'
2025-06-27 11:47:38,709 - __main__ - INFO - Бот настроен для оператора ID: 7083982778
2025-06-27 11:47:38,709 - __main__ - INFO - Корпоративная почта: ishutinyi@kmb-4.ru
2025-06-27 11:47:45,197 - __main__ - INFO - Пользователь 857536994 начал создание обращения
2025-06-27 11:49:56,521 - __main__ - INFO - Запуск Telegram-бота 'Горячая линия обращений студентов'
2025-06-27 11:49:56,522 - __main__ - INFO - Бот настроен для оператора ID: 7083982778
2025-06-27 11:49:56,522 - __main__ - INFO - Корпоративная почта: ishutinyi@kmb-4.ru
2025-06-27 11:50:01,582 - __main__ - INFO - Пользователь 857536994 начал создание обращения
2025-06-27 17:00:40,341 - __main__ - INFO - Запуск Telegram-бота 'Горячая линия обращений студентов'
2025-06-27 17:00:40,365 - __main__ - INFO - Бот настроен для оператора ID: 7083982778
2025-06-27 17:00:40,365 - __main__ - INFO - Корпоративная почта: ishutinyi@kmb-4.ru
2025-06-27 17:00:58,297 - __main__ - INFO - Пользователь 857536994 начал создание обращения
2025-06-27 17:01:33,328 - __main__ - INFO - Обращение отправлено оператору: фывапролбю
2025-06-27 17:01:39,197 - __main__ - INFO - Email отправлен для обращения: фывапролбю
2025-06-27 17:01:39,197 - __main__ - INFO - Обращение успешно отправлено: фывапролбю от увкаепнрголшд цукенгшлщдж
2025-06-27 17:05:47,122 - __main__ - INFO - Запуск Telegram-бота 'Горячая линия обращений студентов'
2025-06-27 17:05:47,122 - __main__ - INFO - Бот настроен для оператора ID: 7083982778
2025-06-27 17:05:47,122 - __main__ - INFO - Корпоративная почта: ishutinyi@kmb-4.ru
2025-06-27 17:05:48,226 - __main__ - INFO - Пользователь 857536994 начал создание обращения
2025-06-27 17:12:20,007 - __main__ - INFO - Запуск Telegram-бота 'Горячая линия обращений студентов'
2025-06-27 17:12:20,007 - __main__ - INFO - Бот настроен для оператора ID: 7083982778
2025-06-27 17:12:20,007 - __main__ - INFO - Корпоративная почта: ishutinyi@kmb-4.ru
2025-06-27 17:12:23,160 - __main__ - INFO - Пользователь 857536994 начал создание обращения
2025-06-27 17:13:01,607 - __main__ - INFO - Запуск Telegram-бота 'Горячая линия обращений студентов'
2025-06-27 17:13:01,607 - __main__ - INFO - Бот настроен для оператора ID: 7083982778
2025-06-27 17:13:01,607 - __main__ - INFO - Корпоративная почта: ishutinyi@kmb-4.ru
2025-06-27 17:13:17,049 - __main__ - INFO - Пользователь 857536994 начал создание обращения
2025-06-27 17:13:30,847 - __main__ - INFO - Запуск Telegram-бота 'Горячая линия обращений студентов'
2025-06-27 17:13:30,847 - __main__ - INFO - Бот настроен для оператора ID: 7083982778
2025-06-27 17:13:30,847 - __main__ - INFO - Корпоративная почта: ishutinyi@kmb-4.ru
2025-06-27 17:13:35,018 - __main__ - INFO - Пользователь 857536994 начал создание обращения
2025-06-27 17:18:02,824 - __main__ - INFO - Запуск Telegram-бота 'Горячая линия обращений студентов'
2025-06-27 17:18:02,824 - __main__ - INFO - Бот настроен для оператора ID: 7083982778
2025-06-27 17:18:02,824 - __main__ - INFO - Корпоративная почта: ishutinyi@kmb-4.ru
2025-06-27 17:18:08,982 - __main__ - INFO - Пользователь 857536994 начал создание обращения
2025-06-27 17:19:24,234 - __main__ - INFO - Запуск Telegram-бота 'Горячая линия обращений студентов'
2025-06-27 17:19:24,234 - __main__ - INFO - Бот настроен для оператора ID: 7083982778
2025-06-27 17:19:24,234 - __main__ - INFO - Корпоративная почта: ishutinyi@kmb-4.ru
2025-06-27 17:19:24,589 - __main__ - INFO - Пользователь 857536994 начал создание обращения
2025-06-27 17:21:07,580 - __main__ - INFO - Запуск Telegram-бота 'Горячая линия обращений студентов'
2025-06-27 17:21:07,581 - __main__ - INFO - Бот настроен для оператора ID: 7083982778
2025-06-27 17:21:07,581 - __main__ - INFO - Корпоративная почта: ishutinyi@kmb-4.ru
2025-06-27 17:21:10,757 - __main__ - INFO - Пользователь 857536994 начал создание обращения
2025-06-30 13:31:24,983 - __main__ - INFO - Запуск Telegram-бота 'Горячая линия обращений студентов'
2025-06-30 13:31:24,998 - __main__ - INFO - Бот настроен для оператора ID: 7083982778
2025-06-30 13:31:24,999 - __main__ - INFO - Корпоративная почта: ishutinyi@kmb-4.ru
2025-06-30 13:34:16,332 - __main__ - INFO - Пользователь 1883154304 запустил бота
2025-06-30 13:34:32,937 - __main__ - INFO - Пользователь 1883154304 начал создание обращения
2025-06-30 13:36:22,075 - __main__ - INFO - Обращение отправлено оператору: Тест 11
2025-06-30 13:36:28,305 - __main__ - INFO - Email отправлен для обращения: Тест 11
2025-06-30 13:36:28,305 - __main__ - INFO - Обращение успешно отправлено: Тест 11 от Дмитрий Дмитрий
2025-06-30 13:45:52,353 - __main__ - INFO - Запуск Telegram-бота 'Горячая линия обращений студентов'
2025-06-30 13:45:52,353 - __main__ - INFO - Бот настроен для оператора ID: 1883154304
2025-06-30 13:45:52,353 - __main__ - INFO - Корпоративная почта: ishutinyi@kmb-4.ru
2025-06-30 13:46:16,215 - __main__ - INFO - Пользователь 857536994 запустил бота
2025-06-30 13:46:20,189 - __main__ - INFO - Пользователь 857536994 начал создание обращения
2025-06-30 13:48:52,169 - __main__ - INFO - Обращение отправлено оператору: Работает
2025-06-30 13:48:57,862 - __main__ - INFO - Email отправлен для обращения: Работает
2025-06-30 13:48:57,863 - __main__ - INFO - Обращение успешно отправлено: Работает от Ишутин Ярослав
2025-06-30 16:27:08,370 - __main__ - INFO - Запуск Telegram-бота 'Горячая линия обращений студентов'
2025-06-30 16:27:08,371 - __main__ - INFO - Бот настроен для оператора ID: 1883154304
2025-06-30 16:27:08,371 - __main__ - INFO - Корпоративная почта: ishutinyi@kmb-4.ru
2025-06-30 16:27:33,152 - __main__ - INFO - Пользователь 1324050072 запустил бота
2025-06-30 16:27:44,399 - __main__ - INFO - Пользователь 1324050072 начал создание обращения
2025-06-30 16:29:42,273 - __main__ - INFO - Обращение отправлено оператору: Все плохо
2025-06-30 16:29:47,230 - __main__ - INFO - Email отправлен для обращения: Все плохо
2025-06-30 16:29:47,230 - __main__ - INFO - Обращение успешно отправлено: Все плохо от Ооооо ллло
